{"C:\\Users\\marga\\OneDrive\\Escritorio\\MARGARITA\\ING DE SOFT 3\\TP_Final_IS3\\ventas-frontend\\src\\App.tsx": {"path":"C:\\Users\\marga\\OneDrive\\Escritorio\\MARGARITA\\ING DE SOFT 3\\TP_Final_IS3\\ventas-frontend\\src\\App.tsx","statementMap":{"0":{"start":{"line":1,"column":0},"end":{"line":1,"column":54}},"1":{"start":{"line":2,"column":0},"end":{"line":2,"column":46}},"2":{"start":{"line":4,"column":0},"end":{"line":4,"column":33}},"3":{"start":{"line":5,"column":0},"end":{"line":5,"column":41}},"4":{"start":{"line":6,"column":0},"end":{"line":6,"column":35}},"5":{"start":{"line":7,"column":0},"end":{"line":7,"column":47}},"6":{"start":{"line":8,"column":0},"end":{"line":8,"column":51}},"7":{"start":{"line":11,"column":16},"end":{"line":11,"column":49}},"8":{"start":{"line":13,"column":4},"end":{"line":69,"column":null}},"9":{"start":{"line":72,"column":0},"end":{"line":72,"column":null}}},"fnMap":{"0":{"name":"App","decl":{"start":{"line":10,"column":9},"end":{"line":10,"column":12}},"loc":{"start":{"line":10,"column":12},"end":{"line":70,"column":1}}}},"branchMap":{"0":{"loc":{"start":{"line":11,"column":16},"end":{"line":11,"column":49}},"type":"binary-expr","locations":[{"start":{"line":11,"column":16},"end":{"line":11,"column":43}},{"start":{"line":11,"column":47},"end":{"line":11,"column":49}}]},"1":{"loc":{"start":{"line":19,"column":17},"end":{"line":19,"column":116}},"type":"binary-expr","locations":[{"start":{"line":19,"column":17},"end":{"line":19,"column":43}},{"start":{"line":19,"column":47},"end":{"line":19,"column":116}}]},"2":{"loc":{"start":{"line":23,"column":17},"end":{"line":24,"column":null}},"type":"binary-expr","locations":[{"start":{"line":23,"column":17},"end":{"line":23,"column":54}},{"start":{"line":24,"column":20},"end":{"line":24,"column":103}}]},"3":{"loc":{"start":{"line":28,"column":17},"end":{"line":29,"column":null}},"type":"binary-expr","locations":[{"start":{"line":28,"column":17},"end":{"line":28,"column":56}},{"start":{"line":29,"column":20},"end":{"line":29,"column":105}}]}},"s":{"0":1,"1":1,"2":1,"3":1,"4":1,"5":1,"6":1,"7":3,"8":3,"9":1},"f":{"0":3},"b":{"0":[3,3],"1":[3,0],"2":[3,0],"3":[3,0]}}
,"C:\\Users\\marga\\OneDrive\\Escritorio\\MARGARITA\\ING DE SOFT 3\\TP_Final_IS3\\ventas-frontend\\src\\components\\EntornoSelector.tsx": {"path":"C:\\Users\\marga\\OneDrive\\Escritorio\\MARGARITA\\ING DE SOFT 3\\TP_Final_IS3\\ventas-frontend\\src\\components\\EntornoSelector.tsx","statementMap":{"0":{"start":{"line":3,"column":0},"end":{"line":3,"column":24}},"1":{"start":{"line":4,"column":4},"end":{"line":4,"column":null}}},"fnMap":{"0":{"name":"EntornoSelector","decl":{"start":{"line":3,"column":24},"end":{"line":3,"column":39}},"loc":{"start":{"line":3,"column":39},"end":{"line":5,"column":1}}}},"branchMap":{},"s":{"0":1,"1":5},"f":{"0":5},"b":{}}
,"C:\\Users\\marga\\OneDrive\\Escritorio\\MARGARITA\\ING DE SOFT 3\\TP_Final_IS3\\ventas-frontend\\src\\components\\RoleRoute.tsx": {"path":"C:\\Users\\marga\\OneDrive\\Escritorio\\MARGARITA\\ING DE SOFT 3\\TP_Final_IS3\\ventas-frontend\\src\\components\\RoleRoute.tsx","statementMap":{"0":{"start":{"line":5,"column":0},"end":{"line":5,"column":24}},"1":{"start":{"line":2,"column":0},"end":{"line":2,"column":43}},"2":{"start":{"line":12,"column":24},"end":{"line":12,"column":57}},"3":{"start":{"line":13,"column":4},"end":{"line":13,"column":null}}},"fnMap":{"0":{"name":"RoleRoute","decl":{"start":{"line":5,"column":24},"end":{"line":5,"column":33}},"loc":{"start":{"line":11,"column":1},"end":{"line":14,"column":1}}}},"branchMap":{"0":{"loc":{"start":{"line":12,"column":24},"end":{"line":12,"column":57}},"type":"binary-expr","locations":[{"start":{"line":12,"column":24},"end":{"line":12,"column":51}},{"start":{"line":12,"column":55},"end":{"line":12,"column":57}}]},"1":{"loc":{"start":{"line":13,"column":11},"end":{"line":13,"column":80}},"type":"cond-expr","locations":[{"start":{"line":13,"column":35},"end":{"line":13,"column":50}},{"start":{"line":13,"column":53},"end":{"line":13,"column":80}}]}},"s":{"0":2,"1":2,"2":11,"3":11},"f":{"0":11},"b":{"0":[11,2],"1":[6,5]}}
,"C:\\Users\\marga\\OneDrive\\Escritorio\\MARGARITA\\ING DE SOFT 3\\TP_Final_IS3\\ventas-frontend\\src\\mocks\\server.ts": {"path":"C:\\Users\\marga\\OneDrive\\Escritorio\\MARGARITA\\ING DE SOFT 3\\TP_Final_IS3\\ventas-frontend\\src\\mocks\\server.ts","statementMap":{"0":{"start":{"line":1,"column":0},"end":{"line":1,"column":38}},"1":{"start":{"line":2,"column":0},"end":{"line":2,"column":37}},"2":{"start":{"line":4,"column":13},"end":{"line":4,"column":null}},"3":{"start":{"line":7,"column":0},"end":{"line":7,"column":null}},"4":{"start":{"line":7,"column":16},"end":{"line":7,"column":63}},"5":{"start":{"line":10,"column":0},"end":{"line":10,"column":null}},"6":{"start":{"line":10,"column":16},"end":{"line":10,"column":38}},"7":{"start":{"line":13,"column":0},"end":{"line":13,"column":null}},"8":{"start":{"line":13,"column":15},"end":{"line":13,"column":29}}},"fnMap":{"0":{"name":"(anonymous_0)","decl":{"start":{"line":7,"column":10},"end":{"line":7,"column":13}},"loc":{"start":{"line":7,"column":16},"end":{"line":7,"column":63}}},"1":{"name":"(anonymous_1)","decl":{"start":{"line":10,"column":10},"end":{"line":10,"column":13}},"loc":{"start":{"line":10,"column":16},"end":{"line":10,"column":38}}},"2":{"name":"(anonymous_2)","decl":{"start":{"line":13,"column":9},"end":{"line":13,"column":12}},"loc":{"start":{"line":13,"column":15},"end":{"line":13,"column":29}}}},"branchMap":{},"s":{"0":13,"1":0,"2":0,"3":0,"4":0,"5":0,"6":0,"7":0,"8":0},"f":{"0":0,"1":0,"2":0},"b":{}}
,"C:\\Users\\marga\\OneDrive\\Escritorio\\MARGARITA\\ING DE SOFT 3\\TP_Final_IS3\\ventas-frontend\\src\\pages\\CrearProductos.tsx": {"path":"C:\\Users\\marga\\OneDrive\\Escritorio\\MARGARITA\\ING DE SOFT 3\\TP_Final_IS3\\ventas-frontend\\src\\pages\\CrearProductos.tsx","statementMap":{"0":{"start":{"line":4,"column":0},"end":{"line":4,"column":24}},"1":{"start":{"line":1,"column":0},"end":{"line":1,"column":43}},"2":{"start":{"line":2,"column":0},"end":{"line":2,"column":30}},"3":{"start":{"line":5,"column":32},"end":{"line":5,"column":44}},"4":{"start":{"line":6,"column":32},"end":{"line":6,"column":57}},"5":{"start":{"line":7,"column":30},"end":{"line":7,"column":55}},"6":{"start":{"line":8,"column":30},"end":{"line":8,"column":42}},"7":{"start":{"line":9,"column":30},"end":{"line":9,"column":42}},"8":{"start":{"line":10,"column":38},"end":{"line":10,"column":53}},"9":{"start":{"line":12,"column":4},"end":{"line":15,"column":null}},"10":{"start":{"line":13,"column":20},"end":{"line":13,"column":47}},"11":{"start":{"line":14,"column":8},"end":{"line":14,"column":null}},"12":{"start":{"line":17,"column":18},"end":{"line":38,"column":5}},"13":{"start":{"line":18,"column":8},"end":{"line":18,"column":null}},"14":{"start":{"line":19,"column":8},"end":{"line":19,"column":null}},"15":{"start":{"line":20,"column":8},"end":{"line":23,"column":9}},"16":{"start":{"line":21,"column":12},"end":{"line":21,"column":null}},"17":{"start":{"line":22,"column":12},"end":{"line":22,"column":18}},"18":{"start":{"line":25,"column":8},"end":{"line":37,"column":9}},"19":{"start":{"line":26,"column":26},"end":{"line":26,"column":55}},"20":{"start":{"line":27,"column":32},"end":{"line":27,"column":43}},"21":{"start":{"line":28,"column":12},"end":{"line":30,"column":null}},"22":{"start":{"line":31,"column":12},"end":{"line":31,"column":null}},"23":{"start":{"line":32,"column":12},"end":{"line":32,"column":null}},"24":{"start":{"line":33,"column":12},"end":{"line":33,"column":null}},"25":{"start":{"line":34,"column":12},"end":{"line":34,"column":null}},"26":{"start":{"line":36,"column":12},"end":{"line":36,"column":null}},"27":{"start":{"line":40,"column":4},"end":{"line":46,"column":5}},"28":{"start":{"line":41,"column":8},"end":{"line":45,"column":null}},"29":{"start":{"line":48,"column":4},"end":{"line":90,"column":null}},"30":{"start":{"line":56,"column":31},"end":{"line":56,"column":56}},"31":{"start":{"line":65,"column":31},"end":{"line":65,"column":68}},"32":{"start":{"line":75,"column":31},"end":{"line":75,"column":65}}},"fnMap":{"0":{"name":"CrearProductos","decl":{"start":{"line":4,"column":24},"end":{"line":4,"column":38}},"loc":{"start":{"line":4,"column":38},"end":{"line":91,"column":1}}},"1":{"name":"(anonymous_2)","decl":{"start":{"line":12,"column":14},"end":{"line":12,"column":17}},"loc":{"start":{"line":12,"column":19},"end":{"line":15,"column":5}}},"2":{"name":"(anonymous_3)","decl":{"start":{"line":17,"column":18},"end":{"line":17,"column":23}},"loc":{"start":{"line":17,"column":29},"end":{"line":38,"column":5}}},"3":{"name":"(anonymous_4)","decl":{"start":{"line":56,"column":26},"end":{"line":56,"column":27}},"loc":{"start":{"line":56,"column":31},"end":{"line":56,"column":56}}},"4":{"name":"(anonymous_5)","decl":{"start":{"line":65,"column":26},"end":{"line":65,"column":27}},"loc":{"start":{"line":65,"column":31},"end":{"line":65,"column":68}}},"5":{"name":"(anonymous_6)","decl":{"start":{"line":75,"column":26},"end":{"line":75,"column":27}},"loc":{"start":{"line":75,"column":31},"end":{"line":75,"column":65}}}},"branchMap":{"0":{"loc":{"start":{"line":14,"column":21},"end":{"line":14,"column":62}},"type":"binary-expr","locations":[{"start":{"line":14,"column":21},"end":{"line":14,"column":39}},{"start":{"line":14,"column":43},"end":{"line":14,"column":62}}]},"1":{"loc":{"start":{"line":20,"column":8},"end":{"line":23,"column":9}},"type":"if","locations":[{"start":{"line":20,"column":8},"end":{"line":23,"column":9}},{"start":{},"end":{}}]},"2":{"loc":{"start":{"line":20,"column":12},"end":{"line":20,"column":52}},"type":"binary-expr","locations":[{"start":{"line":20,"column":12},"end":{"line":20,"column":19}},{"start":{"line":20,"column":23},"end":{"line":20,"column":36}},{"start":{"line":20,"column":40},"end":{"line":20,"column":52}}]},"3":{"loc":{"start":{"line":40,"column":4},"end":{"line":46,"column":5}},"type":"if","locations":[{"start":{"line":40,"column":4},"end":{"line":46,"column":5}},{"start":{},"end":{}}]},"4":{"loc":{"start":{"line":87,"column":13},"end":{"line":87,"column":68}},"type":"binary-expr","locations":[{"start":{"line":87,"column":13},"end":{"line":87,"column":18}},{"start":{"line":87,"column":22},"end":{"line":87,"column":68}}]},"5":{"loc":{"start":{"line":88,"column":13},"end":{"line":88,"column":66}},"type":"binary-expr","locations":[{"start":{"line":88,"column":13},"end":{"line":88,"column":18}},{"start":{"line":88,"column":22},"end":{"line":88,"column":66}}]}},"s":{"0":2,"1":2,"2":2,"3":44,"4":44,"5":44,"6":44,"7":44,"8":44,"9":44,"10":13,"11":13,"12":44,"13":4,"14":4,"15":4,"16":1,"17":1,"18":3,"19":3,"20":3,"21":3,"22":2,"23":2,"24":2,"25":2,"26":1,"27":44,"28":13,"29":31,"30":4,"31":4,"32":4},"f":{"0":44,"1":13,"2":4,"3":4,"4":4,"5":4},"b":{"0":[13,2],"1":[1,3],"2":[4,3,3],"3":[13,31],"4":[31,2],"5":[31,2]}}
,"C:\\Users\\marga\\OneDrive\\Escritorio\\MARGARITA\\ING DE SOFT 3\\TP_Final_IS3\\ventas-frontend\\src\\pages\\CrearUsuario.tsx": {"path":"C:\\Users\\marga\\OneDrive\\Escritorio\\MARGARITA\\ING DE SOFT 3\\TP_Final_IS3\\ventas-frontend\\src\\pages\\CrearUsuario.tsx","statementMap":{"0":{"start":{"line":4,"column":0},"end":{"line":4,"column":24}},"1":{"start":{"line":1,"column":0},"end":{"line":1,"column":43}},"2":{"start":{"line":2,"column":0},"end":{"line":2,"column":30}},"3":{"start":{"line":5,"column":32},"end":{"line":5,"column":44}},"4":{"start":{"line":6,"column":30},"end":{"line":6,"column":42}},"5":{"start":{"line":7,"column":36},"end":{"line":7,"column":57}},"6":{"start":{"line":8,"column":30},"end":{"line":8,"column":42}},"7":{"start":{"line":9,"column":30},"end":{"line":9,"column":42}},"8":{"start":{"line":10,"column":38},"end":{"line":10,"column":53}},"9":{"start":{"line":12,"column":4},"end":{"line":15,"column":null}},"10":{"start":{"line":13,"column":20},"end":{"line":13,"column":47}},"11":{"start":{"line":14,"column":8},"end":{"line":14,"column":null}},"12":{"start":{"line":17,"column":18},"end":{"line":33,"column":5}},"13":{"start":{"line":18,"column":8},"end":{"line":18,"column":null}},"14":{"start":{"line":19,"column":8},"end":{"line":19,"column":null}},"15":{"start":{"line":20,"column":8},"end":{"line":32,"column":9}},"16":{"start":{"line":21,"column":26},"end":{"line":21,"column":55}},"17":{"start":{"line":22,"column":32},"end":{"line":22,"column":43}},"18":{"start":{"line":23,"column":12},"end":{"line":25,"column":null}},"19":{"start":{"line":26,"column":12},"end":{"line":26,"column":null}},"20":{"start":{"line":27,"column":12},"end":{"line":27,"column":null}},"21":{"start":{"line":28,"column":12},"end":{"line":28,"column":null}},"22":{"start":{"line":29,"column":12},"end":{"line":29,"column":null}},"23":{"start":{"line":31,"column":12},"end":{"line":31,"column":null}},"24":{"start":{"line":35,"column":4},"end":{"line":41,"column":5}},"25":{"start":{"line":36,"column":8},"end":{"line":40,"column":null}},"26":{"start":{"line":43,"column":4},"end":{"line":85,"column":null}},"27":{"start":{"line":51,"column":31},"end":{"line":51,"column":56}},"28":{"start":{"line":60,"column":31},"end":{"line":60,"column":55}},"29":{"start":{"line":68,"column":31},"end":{"line":68,"column":58}}},"fnMap":{"0":{"name":"CrearUsuario","decl":{"start":{"line":4,"column":24},"end":{"line":4,"column":36}},"loc":{"start":{"line":4,"column":36},"end":{"line":86,"column":1}}},"1":{"name":"(anonymous_2)","decl":{"start":{"line":12,"column":14},"end":{"line":12,"column":17}},"loc":{"start":{"line":12,"column":19},"end":{"line":15,"column":5}}},"2":{"name":"(anonymous_3)","decl":{"start":{"line":17,"column":18},"end":{"line":17,"column":23}},"loc":{"start":{"line":17,"column":29},"end":{"line":33,"column":5}}},"3":{"name":"(anonymous_4)","decl":{"start":{"line":51,"column":26},"end":{"line":51,"column":27}},"loc":{"start":{"line":51,"column":31},"end":{"line":51,"column":56}}},"4":{"name":"(anonymous_5)","decl":{"start":{"line":60,"column":26},"end":{"line":60,"column":27}},"loc":{"start":{"line":60,"column":31},"end":{"line":60,"column":55}}},"5":{"name":"(anonymous_6)","decl":{"start":{"line":68,"column":26},"end":{"line":68,"column":27}},"loc":{"start":{"line":68,"column":31},"end":{"line":68,"column":58}}}},"branchMap":{"0":{"loc":{"start":{"line":35,"column":4},"end":{"line":41,"column":5}},"type":"if","locations":[{"start":{"line":35,"column":4},"end":{"line":41,"column":5}},{"start":{},"end":{}}]},"1":{"loc":{"start":{"line":82,"column":13},"end":{"line":82,"column":68}},"type":"binary-expr","locations":[{"start":{"line":82,"column":13},"end":{"line":82,"column":18}},{"start":{"line":82,"column":22},"end":{"line":82,"column":68}}]},"2":{"loc":{"start":{"line":83,"column":13},"end":{"line":83,"column":66}},"type":"binary-expr","locations":[{"start":{"line":83,"column":13},"end":{"line":83,"column":18}},{"start":{"line":83,"column":22},"end":{"line":83,"column":66}}]}},"s":{"0":2,"1":2,"2":2,"3":38,"4":38,"5":38,"6":38,"7":38,"8":38,"9":38,"10":12,"11":12,"12":38,"13":3,"14":3,"15":3,"16":3,"17":3,"18":3,"19":2,"20":2,"21":2,"22":2,"23":1,"24":38,"25":12,"26":26,"27":4,"28":4,"29":1},"f":{"0":38,"1":12,"2":3,"3":4,"4":4,"5":1},"b":{"0":[12,26],"1":[26,2],"2":[26,1]}}
,"C:\\Users\\marga\\OneDrive\\Escritorio\\MARGARITA\\ING DE SOFT 3\\TP_Final_IS3\\ventas-frontend\\src\\pages\\Login.tsx": {"path":"C:\\Users\\marga\\OneDrive\\Escritorio\\MARGARITA\\ING DE SOFT 3\\TP_Final_IS3\\ventas-frontend\\src\\pages\\Login.tsx","statementMap":{"0":{"start":{"line":4,"column":0},"end":{"line":4,"column":24}},"1":{"start":{"line":1,"column":0},"end":{"line":1,"column":32}},"2":{"start":{"line":2,"column":0},"end":{"line":2,"column":30}},"3":{"start":{"line":5,"column":30},"end":{"line":5,"column":42}},"4":{"start":{"line":6,"column":36},"end":{"line":6,"column":48}},"5":{"start":{"line":7,"column":30},"end":{"line":7,"column":42}},"6":{"start":{"line":9,"column":24},"end":{"line":19,"column":5}},"7":{"start":{"line":10,"column":8},"end":{"line":18,"column":9}},"8":{"start":{"line":11,"column":32},"end":{"line":11,"column":43}},"9":{"start":{"line":12,"column":24},"end":{"line":12,"column":92}},"10":{"start":{"line":13,"column":12},"end":{"line":13,"column":null}},"11":{"start":{"line":14,"column":12},"end":{"line":14,"column":null}},"12":{"start":{"line":15,"column":12},"end":{"line":15,"column":null}},"13":{"start":{"line":17,"column":12},"end":{"line":17,"column":null}},"14":{"start":{"line":21,"column":4},"end":{"line":29,"column":null}},"15":{"start":{"line":24,"column":68},"end":{"line":24,"column":92}},"16":{"start":{"line":25,"column":90},"end":{"line":25,"column":117}}},"fnMap":{"0":{"name":"Login","decl":{"start":{"line":4,"column":24},"end":{"line":4,"column":29}},"loc":{"start":{"line":4,"column":29},"end":{"line":30,"column":1}}},"1":{"name":"(anonymous_2)","decl":{"start":{"line":9,"column":24},"end":{"line":9,"column":29}},"loc":{"start":{"line":9,"column":35},"end":{"line":19,"column":5}}},"2":{"name":"(anonymous_3)","decl":{"start":{"line":24,"column":63},"end":{"line":24,"column":64}},"loc":{"start":{"line":24,"column":68},"end":{"line":24,"column":92}}},"3":{"name":"(anonymous_4)","decl":{"start":{"line":25,"column":85},"end":{"line":25,"column":86}},"loc":{"start":{"line":25,"column":90},"end":{"line":25,"column":117}}}},"branchMap":{"0":{"loc":{"start":{"line":27,"column":13},"end":{"line":27,"column":61}},"type":"binary-expr","locations":[{"start":{"line":27,"column":13},"end":{"line":27,"column":18}},{"start":{"line":27,"column":22},"end":{"line":27,"column":61}}]}},"s":{"0":2,"1":2,"2":2,"3":12,"4":12,"5":12,"6":12,"7":2,"8":2,"9":2,"10":1,"11":1,"12":1,"13":1,"14":12,"15":3,"16":3},"f":{"0":12,"1":2,"2":3,"3":3},"b":{"0":[12,1]}}
,"C:\\Users\\marga\\OneDrive\\Escritorio\\MARGARITA\\ING DE SOFT 3\\TP_Final_IS3\\ventas-frontend\\src\\pages\\Productos.tsx": {"path":"C:\\Users\\marga\\OneDrive\\Escritorio\\MARGARITA\\ING DE SOFT 3\\TP_Final_IS3\\ventas-frontend\\src\\pages\\Productos.tsx","statementMap":{"0":{"start":{"line":5,"column":0},"end":{"line":5,"column":24}},"1":{"start":{"line":1,"column":0},"end":{"line":1,"column":43}},"2":{"start":{"line":2,"column":0},"end":{"line":2,"column":30}},"3":{"start":{"line":6,"column":36},"end":{"line":6,"column":55}},"4":{"start":{"line":8,"column":2},"end":{"line":14,"column":null}},"5":{"start":{"line":9,"column":4},"end":{"line":13,"column":null}},"6":{"start":{"line":10,"column":6},"end":{"line":12,"column":null}},"7":{"start":{"line":11,"column":38},"end":{"line":11,"column":60}},"8":{"start":{"line":12,"column":36},"end":{"line":12,"column":54}},"9":{"start":{"line":16,"column":2},"end":{"line":27,"column":null}},"10":{"start":{"line":21,"column":10},"end":{"line":21,"column":null}}},"fnMap":{"0":{"name":"Productos","decl":{"start":{"line":5,"column":24},"end":{"line":5,"column":33}},"loc":{"start":{"line":5,"column":33},"end":{"line":28,"column":1}}},"1":{"name":"(anonymous_2)","decl":{"start":{"line":8,"column":12},"end":{"line":8,"column":15}},"loc":{"start":{"line":8,"column":17},"end":{"line":14,"column":3}}},"2":{"name":"(anonymous_3)","decl":{"start":{"line":9,"column":15},"end":{"line":9,"column":26}},"loc":{"start":{"line":9,"column":29},"end":{"line":13,"column":5}}},"3":{"name":"(anonymous_4)","decl":{"start":{"line":11,"column":14},"end":{"line":11,"column":15}},"loc":{"start":{"line":11,"column":38},"end":{"line":11,"column":60}}},"4":{"name":"(anonymous_5)","decl":{"start":{"line":12,"column":15},"end":{"line":12,"column":16}},"loc":{"start":{"line":12,"column":36},"end":{"line":12,"column":54}}},"5":{"name":"(anonymous_6)","decl":{"start":{"line":20,"column":23},"end":{"line":20,"column":24}},"loc":{"start":{"line":21,"column":10},"end":{"line":21,"column":null}}}},"branchMap":{},"s":{"0":3,"1":3,"2":3,"3":7,"4":7,"5":5,"6":5,"7":5,"8":0,"9":7,"10":2},"f":{"0":7,"1":5,"2":5,"3":5,"4":0,"5":2},"b":{}}
,"C:\\Users\\marga\\OneDrive\\Escritorio\\MARGARITA\\ING DE SOFT 3\\TP_Final_IS3\\ventas-frontend\\src\\pages\\Ventas.tsx": {"path":"C:\\Users\\marga\\OneDrive\\Escritorio\\MARGARITA\\ING DE SOFT 3\\TP_Final_IS3\\ventas-frontend\\src\\pages\\Ventas.tsx","statementMap":{"0":{"start":{"line":21,"column":0},"end":{"line":21,"column":24}},"1":{"start":{"line":1,"column":0},"end":{"line":1,"column":43}},"2":{"start":{"line":2,"column":0},"end":{"line":2,"column":30}},"3":{"start":{"line":22,"column":38},"end":{"line":22,"column":62}},"4":{"start":{"line":23,"column":40},"end":{"line":23,"column":60}},"5":{"start":{"line":24,"column":36},"end":{"line":24,"column":47}},"6":{"start":{"line":25,"column":38},"end":{"line":25,"column":49}},"7":{"start":{"line":26,"column":30},"end":{"line":26,"column":55}},"8":{"start":{"line":27,"column":30},"end":{"line":27,"column":42}},"9":{"start":{"line":28,"column":44},"end":{"line":28,"column":58}},"10":{"start":{"line":29,"column":34},"end":{"line":29,"column":49}},"11":{"start":{"line":31,"column":4},"end":{"line":60,"column":null}},"12":{"start":{"line":32,"column":31},"end":{"line":58,"column":9}},"13":{"start":{"line":33,"column":12},"end":{"line":57,"column":13}},"14":{"start":{"line":34,"column":16},"end":{"line":34,"column":null}},"15":{"start":{"line":35,"column":36},"end":{"line":35,"column":47}},"16":{"start":{"line":36,"column":28},"end":{"line":36,"column":63}},"17":{"start":{"line":38,"column":49},"end":{"line":48,"column":19}},"18":{"start":{"line":38,"column":85},"end":{"line":48,"column":18}},"19":{"start":{"line":49,"column":16},"end":{"line":49,"column":null}},"20":{"start":{"line":50,"column":16},"end":{"line":50,"column":null}},"21":{"start":{"line":51,"column":16},"end":{"line":51,"column":null}},"22":{"start":{"line":53,"column":16},"end":{"line":53,"column":null}},"23":{"start":{"line":54,"column":16},"end":{"line":54,"column":null}},"24":{"start":{"line":56,"column":16},"end":{"line":56,"column":null}},"25":{"start":{"line":59,"column":8},"end":{"line":59,"column":null}},"26":{"start":{"line":62,"column":24},"end":{"line":103,"column":5}},"27":{"start":{"line":63,"column":8},"end":{"line":66,"column":9}},"28":{"start":{"line":64,"column":12},"end":{"line":64,"column":null}},"29":{"start":{"line":65,"column":12},"end":{"line":65,"column":18}},"30":{"start":{"line":69,"column":25},"end":{"line":69,"column":73}},"31":{"start":{"line":69,"column":45},"end":{"line":69,"column":72}},"32":{"start":{"line":70,"column":8},"end":{"line":75,"column":9}},"33":{"start":{"line":71,"column":12},"end":{"line":71,"column":null}},"34":{"start":{"line":71,"column":64},"end":{"line":71,"column":68}},"35":{"start":{"line":72,"column":12},"end":{"line":72,"column":null}},"36":{"start":{"line":73,"column":12},"end":{"line":73,"column":null}},"37":{"start":{"line":74,"column":12},"end":{"line":74,"column":18}},"38":{"start":{"line":77,"column":8},"end":{"line":80,"column":9}},"39":{"start":{"line":78,"column":12},"end":{"line":78,"column":null}},"40":{"start":{"line":79,"column":12},"end":{"line":79,"column":18}},"41":{"start":{"line":82,"column":8},"end":{"line":85,"column":9}},"42":{"start":{"line":83,"column":12},"end":{"line":83,"column":null}},"43":{"start":{"line":84,"column":12},"end":{"line":84,"column":18}},"44":{"start":{"line":87,"column":28},"end":{"line":87,"column":81}},"45":{"start":{"line":88,"column":37},"end":{"line":96,"column":null}},"46":{"start":{"line":98,"column":8},"end":{"line":98,"column":null}},"47":{"start":{"line":98,"column":25},"end":{"line":98,"column":45}},"48":{"start":{"line":99,"column":8},"end":{"line":99,"column":26}},"49":{"start":{"line":100,"column":8},"end":{"line":100,"column":null}},"50":{"start":{"line":101,"column":8},"end":{"line":101,"column":null}},"51":{"start":{"line":102,"column":8},"end":{"line":102,"column":null}},"52":{"start":{"line":105,"column":25},"end":{"line":107,"column":5}},"53":{"start":{"line":106,"column":8},"end":{"line":106,"column":null}},"54":{"start":{"line":106,"column":40},"end":{"line":106,"column":51}},"55":{"start":{"line":109,"column":27},"end":{"line":155,"column":5}},"56":{"start":{"line":110,"column":8},"end":{"line":113,"column":9}},"57":{"start":{"line":111,"column":12},"end":{"line":111,"column":null}},"58":{"start":{"line":112,"column":12},"end":{"line":112,"column":18}},"59":{"start":{"line":115,"column":8},"end":{"line":154,"column":9}},"60":{"start":{"line":116,"column":12},"end":{"line":116,"column":null}},"61":{"start":{"line":117,"column":12},"end":{"line":117,"column":null}},"62":{"start":{"line":119,"column":30},"end":{"line":119,"column":31}},"63":{"start":{"line":122,"column":32},"end":{"line":122,"column":43}},"64":{"start":{"line":123,"column":32},"end":{"line":132,"column":14}},"65":{"start":{"line":124,"column":29},"end":{"line":129,"column":null}},"66":{"start":{"line":130,"column":16},"end":{"line":130,"column":null}},"67":{"start":{"line":131,"column":16},"end":{"line":131,"column":null}},"68":{"start":{"line":134,"column":12},"end":{"line":134,"column":null}},"69":{"start":{"line":136,"column":12},"end":{"line":136,"column":null}},"70":{"start":{"line":137,"column":12},"end":{"line":137,"column":null}},"71":{"start":{"line":140,"column":33},"end":{"line":140,"column":44}},"72":{"start":{"line":141,"column":33},"end":{"line":141,"column":69}},"73":{"start":{"line":142,"column":45},"end":{"line":147,"column":15}},"74":{"start":{"line":142,"column":90},"end":{"line":147,"column":14}},"75":{"start":{"line":148,"column":12},"end":{"line":148,"column":null}},"76":{"start":{"line":150,"column":12},"end":{"line":150,"column":null}},"77":{"start":{"line":151,"column":12},"end":{"line":151,"column":null}},"78":{"start":{"line":153,"column":12},"end":{"line":153,"column":null}},"79":{"start":{"line":157,"column":23},"end":{"line":157,"column":74}},"80":{"start":{"line":157,"column":51},"end":{"line":157,"column":70}},"81":{"start":{"line":158,"column":16},"end":{"line":158,"column":33}},"82":{"start":{"line":159,"column":23},"end":{"line":159,"column":39}},"83":{"start":{"line":161,"column":31},"end":{"line":163,"column":19}},"84":{"start":{"line":162,"column":32},"end":{"line":162,"column":43}},"85":{"start":{"line":165,"column":4},"end":{"line":301,"column":null}},"86":{"start":{"line":178,"column":24},"end":{"line":178,"column":null}},"87":{"start":{"line":179,"column":24},"end":{"line":179,"column":null}},"88":{"start":{"line":180,"column":24},"end":{"line":180,"column":null}},"89":{"start":{"line":186,"column":24},"end":{"line":186,"column":43}},"90":{"start":{"line":203,"column":39},"end":{"line":203,"column":94}},"91":{"start":{"line":214,"column":39},"end":{"line":214,"column":112}},"92":{"start":{"line":236,"column":39},"end":{"line":236,"column":72}},"93":{"start":{"line":260,"column":32},"end":{"line":260,"column":44}},"94":{"start":{"line":268,"column":59},"end":{"line":268,"column":74}}},"fnMap":{"0":{"name":"Ventas","decl":{"start":{"line":21,"column":24},"end":{"line":21,"column":30}},"loc":{"start":{"line":21,"column":30},"end":{"line":302,"column":1}}},"1":{"name":"(anonymous_2)","decl":{"start":{"line":31,"column":14},"end":{"line":31,"column":17}},"loc":{"start":{"line":31,"column":19},"end":{"line":60,"column":5}}},"2":{"name":"(anonymous_3)","decl":{"start":{"line":32,"column":31},"end":{"line":32,"column":36}},"loc":{"start":{"line":32,"column":42},"end":{"line":58,"column":9}}},"3":{"name":"(anonymous_4)","decl":{"start":{"line":38,"column":70},"end":{"line":38,"column":71}},"loc":{"start":{"line":38,"column":85},"end":{"line":48,"column":18}}},"4":{"name":"(anonymous_5)","decl":{"start":{"line":62,"column":24},"end":{"line":62,"column":27}},"loc":{"start":{"line":62,"column":29},"end":{"line":103,"column":5}}},"5":{"name":"(anonymous_6)","decl":{"start":{"line":69,"column":40},"end":{"line":69,"column":41}},"loc":{"start":{"line":69,"column":45},"end":{"line":69,"column":72}}},"6":{"name":"(anonymous_7)","decl":{"start":{"line":71,"column":59},"end":{"line":71,"column":60}},"loc":{"start":{"line":71,"column":64},"end":{"line":71,"column":68}}},"7":{"name":"(anonymous_8)","decl":{"start":{"line":98,"column":17},"end":{"line":98,"column":21}},"loc":{"start":{"line":98,"column":25},"end":{"line":98,"column":45}}},"8":{"name":"(anonymous_9)","decl":{"start":{"line":105,"column":25},"end":{"line":105,"column":26}},"loc":{"start":{"line":105,"column":43},"end":{"line":107,"column":5}}},"9":{"name":"(anonymous_10)","decl":{"start":{"line":106,"column":30},"end":{"line":106,"column":31}},"loc":{"start":{"line":106,"column":40},"end":{"line":106,"column":51}}},"10":{"name":"(anonymous_11)","decl":{"start":{"line":109,"column":27},"end":{"line":109,"column":32}},"loc":{"start":{"line":109,"column":38},"end":{"line":155,"column":5}}},"11":{"name":"(anonymous_12)","decl":{"start":{"line":123,"column":42},"end":{"line":123,"column":43}},"loc":{"start":{"line":123,"column":51},"end":{"line":132,"column":13}}},"12":{"name":"(anonymous_13)","decl":{"start":{"line":142,"column":75},"end":{"line":142,"column":76}},"loc":{"start":{"line":142,"column":90},"end":{"line":147,"column":14}}},"13":{"name":"(anonymous_14)","decl":{"start":{"line":157,"column":36},"end":{"line":157,"column":37}},"loc":{"start":{"line":157,"column":51},"end":{"line":157,"column":70}}},"14":{"name":"(anonymous_15)","decl":{"start":{"line":162,"column":27},"end":{"line":162,"column":28}},"loc":{"start":{"line":162,"column":32},"end":{"line":162,"column":43}}},"15":{"name":"(anonymous_16)","decl":{"start":{"line":177,"column":30},"end":{"line":177,"column":31}},"loc":{"start":{"line":177,"column":34},"end":{"line":181,"column":21}}},"16":{"name":"(anonymous_17)","decl":{"start":{"line":185,"column":44},"end":{"line":185,"column":45}},"loc":{"start":{"line":186,"column":24},"end":{"line":186,"column":43}}},"17":{"name":"(anonymous_18)","decl":{"start":{"line":203,"column":34},"end":{"line":203,"column":35}},"loc":{"start":{"line":203,"column":39},"end":{"line":203,"column":94}}},"18":{"name":"(anonymous_19)","decl":{"start":{"line":214,"column":34},"end":{"line":214,"column":35}},"loc":{"start":{"line":214,"column":39},"end":{"line":214,"column":112}}},"19":{"name":"(anonymous_20)","decl":{"start":{"line":236,"column":34},"end":{"line":236,"column":35}},"loc":{"start":{"line":236,"column":39},"end":{"line":236,"column":72}}},"20":{"name":"(anonymous_21)","decl":{"start":{"line":259,"column":39},"end":{"line":259,"column":40}},"loc":{"start":{"line":260,"column":32},"end":{"line":260,"column":44}}},"21":{"name":"(anonymous_22)","decl":{"start":{"line":268,"column":53},"end":{"line":268,"column":56}},"loc":{"start":{"line":268,"column":59},"end":{"line":268,"column":74}}}},"branchMap":{"0":{"loc":{"start":{"line":38,"column":50},"end":{"line":38,"column":64}},"type":"binary-expr","locations":[{"start":{"line":38,"column":50},"end":{"line":38,"column":58}},{"start":{"line":38,"column":62},"end":{"line":38,"column":64}}]},"1":{"loc":{"start":{"line":40,"column":24},"end":{"line":43,"column":38}},"type":"binary-expr","locations":[{"start":{"line":40,"column":24},"end":{"line":40,"column":30}},{"start":{"line":41,"column":24},"end":{"line":41,"column":30}},{"start":{"line":42,"column":24},"end":{"line":42,"column":39}},{"start":{"line":43,"column":24},"end":{"line":43,"column":38}}]},"2":{"loc":{"start":{"line":45,"column":35},"end":{"line":45,"column":117}},"type":"binary-expr","locations":[{"start":{"line":45,"column":35},"end":{"line":45,"column":45}},{"start":{"line":45,"column":49},"end":{"line":45,"column":57}},{"start":{"line":45,"column":61},"end":{"line":45,"column":76}},{"start":{"line":45,"column":80},"end":{"line":45,"column":101}},{"start":{"line":45,"column":105},"end":{"line":45,"column":117}}]},"3":{"loc":{"start":{"line":46,"column":35},"end":{"line":46,"column":77}},"type":"binary-expr","locations":[{"start":{"line":46,"column":35},"end":{"line":46,"column":45}},{"start":{"line":46,"column":49},"end":{"line":46,"column":58}},{"start":{"line":46,"column":62},"end":{"line":46,"column":72}},{"start":{"line":46,"column":76},"end":{"line":46,"column":77}}]},"4":{"loc":{"start":{"line":47,"column":34},"end":{"line":47,"column":61}},"type":"binary-expr","locations":[{"start":{"line":47,"column":34},"end":{"line":47,"column":43}},{"start":{"line":47,"column":47},"end":{"line":47,"column":56}},{"start":{"line":47,"column":60},"end":{"line":47,"column":61}}]},"5":{"loc":{"start":{"line":54,"column":55},"end":{"line":54,"column":95}},"type":"binary-expr","locations":[{"start":{"line":54,"column":55},"end":{"line":54,"column":80}},{"start":{"line":54,"column":84},"end":{"line":54,"column":95}}]},"6":{"loc":{"start":{"line":63,"column":8},"end":{"line":66,"column":9}},"type":"if","locations":[{"start":{"line":63,"column":8},"end":{"line":66,"column":9}},{"start":{},"end":{}}]},"7":{"loc":{"start":{"line":70,"column":8},"end":{"line":75,"column":9}},"type":"if","locations":[{"start":{"line":70,"column":8},"end":{"line":75,"column":9}},{"start":{},"end":{}}]},"8":{"loc":{"start":{"line":77,"column":8},"end":{"line":80,"column":9}},"type":"if","locations":[{"start":{"line":77,"column":8},"end":{"line":80,"column":9}},{"start":{},"end":{}}]},"9":{"loc":{"start":{"line":77,"column":12},"end":{"line":77,"column":53}},"type":"binary-expr","locations":[{"start":{"line":77,"column":12},"end":{"line":77,"column":24}},{"start":{"line":77,"column":28},"end":{"line":77,"column":53}}]},"10":{"loc":{"start":{"line":82,"column":8},"end":{"line":85,"column":9}},"type":"if","locations":[{"start":{"line":82,"column":8},"end":{"line":85,"column":9}},{"start":{},"end":{}}]},"11":{"loc":{"start":{"line":110,"column":8},"end":{"line":113,"column":9}},"type":"if","locations":[{"start":{"line":110,"column":8},"end":{"line":113,"column":9}},{"start":{},"end":{}}]},"12":{"loc":{"start":{"line":142,"column":46},"end":{"line":142,"column":69}},"type":"binary-expr","locations":[{"start":{"line":142,"column":46},"end":{"line":142,"column":63}},{"start":{"line":142,"column":67},"end":{"line":142,"column":69}}]},"13":{"loc":{"start":{"line":143,"column":27},"end":{"line":143,"column":80}},"type":"binary-expr","locations":[{"start":{"line":143,"column":27},"end":{"line":143,"column":33}},{"start":{"line":143,"column":37},"end":{"line":143,"column":43}},{"start":{"line":143,"column":47},"end":{"line":143,"column":62}},{"start":{"line":143,"column":66},"end":{"line":143,"column":80}}]},"14":{"loc":{"start":{"line":144,"column":31},"end":{"line":144,"column":88}},"type":"binary-expr","locations":[{"start":{"line":144,"column":31},"end":{"line":144,"column":41}},{"start":{"line":144,"column":45},"end":{"line":144,"column":53}},{"start":{"line":144,"column":57},"end":{"line":144,"column":72}},{"start":{"line":144,"column":76},"end":{"line":144,"column":88}}]},"15":{"loc":{"start":{"line":145,"column":31},"end":{"line":145,"column":73}},"type":"binary-expr","locations":[{"start":{"line":145,"column":31},"end":{"line":145,"column":41}},{"start":{"line":145,"column":45},"end":{"line":145,"column":54}},{"start":{"line":145,"column":58},"end":{"line":145,"column":68}},{"start":{"line":145,"column":72},"end":{"line":145,"column":73}}]},"16":{"loc":{"start":{"line":146,"column":30},"end":{"line":146,"column":57}},"type":"binary-expr","locations":[{"start":{"line":146,"column":30},"end":{"line":146,"column":39}},{"start":{"line":146,"column":43},"end":{"line":146,"column":52}},{"start":{"line":146,"column":56},"end":{"line":146,"column":57}}]},"17":{"loc":{"start":{"line":151,"column":50},"end":{"line":151,"column":90}},"type":"binary-expr","locations":[{"start":{"line":151,"column":50},"end":{"line":151,"column":75}},{"start":{"line":151,"column":79},"end":{"line":151,"column":90}}]},"18":{"loc":{"start":{"line":161,"column":31},"end":{"line":163,"column":19}},"type":"cond-expr","locations":[{"start":{"line":162,"column":10},"end":{"line":162,"column":44}},{"start":{"line":163,"column":10},"end":{"line":163,"column":19}}]},"19":{"loc":{"start":{"line":169,"column":13},"end":{"line":169,"column":75}},"type":"binary-expr","locations":[{"start":{"line":169,"column":13},"end":{"line":169,"column":20}},{"start":{"line":169,"column":24},"end":{"line":169,"column":75}}]},"20":{"loc":{"start":{"line":170,"column":13},"end":{"line":170,"column":68}},"type":"binary-expr","locations":[{"start":{"line":170,"column":13},"end":{"line":170,"column":18}},{"start":{"line":170,"column":22},"end":{"line":170,"column":68}}]},"21":{"loc":{"start":{"line":191,"column":17},"end":{"line":192,"column":null}},"type":"binary-expr","locations":[{"start":{"line":191,"column":17},"end":{"line":191,"column":39}},{"start":{"line":191,"column":43},"end":{"line":191,"column":51}},{"start":{"line":192,"column":20},"end":{"line":192,"column":94}}]},"22":{"loc":{"start":{"line":203,"column":63},"end":{"line":203,"column":92}},"type":"binary-expr","locations":[{"start":{"line":203,"column":63},"end":{"line":203,"column":87}},{"start":{"line":203,"column":91},"end":{"line":203,"column":92}}]},"23":{"loc":{"start":{"line":214,"column":78},"end":{"line":214,"column":109}},"type":"binary-expr","locations":[{"start":{"line":214,"column":78},"end":{"line":214,"column":104}},{"start":{"line":214,"column":108},"end":{"line":214,"column":109}}]},"24":{"loc":{"start":{"line":226,"column":26},"end":{"line":226,"column":48}},"type":"binary-expr","locations":[{"start":{"line":226,"column":26},"end":{"line":226,"column":33}},{"start":{"line":226,"column":37},"end":{"line":226,"column":48}}]},"25":{"loc":{"start":{"line":243,"column":13},"end":{"line":298,"column":null}},"type":"binary-expr","locations":[{"start":{"line":243,"column":13},"end":{"line":243,"column":29}},{"start":{"line":244,"column":16},"end":{"line":297,"column":null}}]},"26":{"loc":{"start":{"line":294,"column":34},"end":{"line":294,"column":63}},"type":"binary-expr","locations":[{"start":{"line":294,"column":34},"end":{"line":294,"column":41}},{"start":{"line":294,"column":45},"end":{"line":294,"column":63}}]}},"s":{"0":2,"1":2,"2":2,"3":29,"4":29,"5":29,"6":29,"7":29,"8":29,"9":29,"10":29,"11":29,"12":10,"13":10,"14":10,"15":10,"16":10,"17":8,"18":20,"19":8,"20":8,"21":8,"22":1,"23":1,"24":9,"25":10,"26":29,"27":0,"28":0,"29":0,"30":0,"31":0,"32":0,"33":0,"34":0,"35":0,"36":0,"37":0,"38":0,"39":0,"40":0,"41":0,"42":0,"43":0,"44":0,"45":0,"46":0,"47":0,"48":0,"49":0,"50":0,"51":0,"52":29,"53":0,"54":0,"55":29,"56":0,"57":0,"58":0,"59":0,"60":0,"61":0,"62":0,"63":0,"64":0,"65":0,"66":0,"67":0,"68":0,"69":0,"70":0,"71":0,"72":0,"73":0,"74":0,"75":0,"76":0,"77":0,"78":0,"79":29,"80":0,"81":29,"82":29,"83":29,"84":20,"85":29,"86":0,"87":0,"88":0,"89":14,"90":0,"91":0,"92":0,"93":0,"94":0},"f":{"0":29,"1":10,"2":10,"3":20,"4":0,"5":0,"6":0,"7":0,"8":0,"9":0,"10":0,"11":0,"12":0,"13":0,"14":20,"15":0,"16":14,"17":0,"18":0,"19":0,"20":0,"21":0},"b":{"0":[8,0],"1":[20,1,0,0],"2":[20,1,0,0,0],"3":[20,2,1,0],"4":[20,1,0],"5":[1,1],"6":[0,0],"7":[0,0],"8":[0,0],"9":[0,0],"10":[0,0],"11":[0,0],"12":[0,0],"13":[0,0,0,0],"14":[0,0,0,0],"15":[0,0,0,0],"16":[0,0,0],"17":[0,0],"18":[29,0],"19":[29,10],"20":[29,1],"21":[29,22,12],"22":[0,0],"23":[0,0],"24":[29,19],"25":[29,0],"26":[0,0]}}
}
