{"C:\\Users\\COTYS\\Documents\\Clases cuarto\\gitlab\\ventastp7demarcos-strumia\\ventas-frontend\\src\\mocks\\server.ts": {"path":"C:\\Users\\COTYS\\Documents\\Clases cuarto\\gitlab\\ventastp7demarcos-strumia\\ventas-frontend\\src\\mocks\\server.ts","statementMap":{"0":{"start":{"line":1,"column":0},"end":{"line":1,"column":38}},"1":{"start":{"line":2,"column":0},"end":{"line":2,"column":37}},"2":{"start":{"line":5,"column":13},"end":{"line":5,"column":null}}},"fnMap":{},"branchMap":{},"s":{"0":7,"1":0,"2":0},"f":{},"b":{}}
,"C:\\Users\\COTYS\\Documents\\Clases cuarto\\gitlab\\ventastp7demarcos-strumia\\ventas-frontend\\src\\pages\\Productos.tsx": {"path":"C:\\Users\\COTYS\\Documents\\Clases cuarto\\gitlab\\ventastp7demarcos-strumia\\ventas-frontend\\src\\pages\\Productos.tsx","statementMap":{"0":{"start":{"line":4,"column":0},"end":{"line":4,"column":24}},"1":{"start":{"line":1,"column":0},"end":{"line":1,"column":43}},"2":{"start":{"line":2,"column":0},"end":{"line":2,"column":30}},"3":{"start":{"line":5,"column":38},"end":{"line":5,"column":50}},"4":{"start":{"line":7,"column":4},"end":{"line":11,"column":null}},"5":{"start":{"line":8,"column":8},"end":{"line":10,"column":null}},"6":{"start":{"line":9,"column":25},"end":{"line":9,"column":47}},"7":{"start":{"line":10,"column":26},"end":{"line":10,"column":44}},"8":{"start":{"line":13,"column":4},"end":{"line":24,"column":null}},"9":{"start":{"line":18,"column":20},"end":{"line":18,"column":null}}},"fnMap":{"0":{"name":"Productos","decl":{"start":{"line":4,"column":24},"end":{"line":4,"column":33}},"loc":{"start":{"line":4,"column":33},"end":{"line":25,"column":1}}},"1":{"name":"(anonymous_2)","decl":{"start":{"line":7,"column":14},"end":{"line":7,"column":17}},"loc":{"start":{"line":7,"column":19},"end":{"line":11,"column":5}}},"2":{"name":"(anonymous_3)","decl":{"start":{"line":9,"column":18},"end":{"line":9,"column":21}},"loc":{"start":{"line":9,"column":25},"end":{"line":9,"column":47}}},"3":{"name":"(anonymous_4)","decl":{"start":{"line":10,"column":19},"end":{"line":10,"column":22}},"loc":{"start":{"line":10,"column":26},"end":{"line":10,"column":44}}},"4":{"name":"(anonymous_5)","decl":{"start":{"line":17,"column":31},"end":{"line":17,"column":32}},"loc":{"start":{"line":18,"column":20},"end":{"line":18,"column":null}}}},"branchMap":{},"s":{"0":2,"1":2,"2":2,"3":4,"4":4,"5":2,"6":2,"7":0,"8":4,"9":2},"f":{"0":4,"1":2,"2":2,"3":0,"4":2},"b":{}}
}
