TN:
SF:src\App.tsx
FN:10,App
FNF:1
FNH:1
FNDA:3,App
DA:1,1
DA:2,1
DA:4,1
DA:5,1
DA:6,1
DA:7,1
DA:8,1
DA:11,3
DA:13,3
DA:72,1
LF:10
LH:10
BRDA:11,0,0,3
BRDA:11,0,1,3
BRDA:19,1,0,3
BRDA:19,1,1,0
BRDA:23,2,0,3
BRDA:23,2,1,0
BRDA:28,3,0,3
BRDA:28,3,1,0
BRF:8
BRH:5
end_of_record
TN:
SF:src\components\EntornoSelector.tsx
FN:3,EntornoSelector
FNF:1
FNH:1
FNDA:5,EntornoSelector
DA:3,1
DA:4,5
LF:2
LH:2
BRF:0
BRH:0
end_of_record
TN:
SF:src\components\RoleRoute.tsx
FN:5,RoleRoute
FNF:1
FNH:1
FNDA:11,RoleRoute
DA:2,2
DA:5,2
DA:12,11
DA:13,11
LF:4
LH:4
BRDA:12,0,0,11
BRDA:12,0,1,2
BRDA:13,1,0,6
BRDA:13,1,1,5
BRF:4
BRH:4
end_of_record
TN:
SF:src\mocks\server.ts
FN:7,(anonymous_0)
FN:10,(anonymous_1)
FN:13,(anonymous_2)
FNF:3
FNH:0
FNDA:0,(anonymous_0)
FNDA:0,(anonymous_1)
FNDA:0,(anonymous_2)
DA:1,13
DA:2,0
DA:4,0
DA:7,0
DA:10,0
DA:13,0
LF:6
LH:1
BRF:0
BRH:0
end_of_record
TN:
SF:src\pages\CrearProductos.tsx
FN:4,CrearProductos
FN:12,(anonymous_2)
FN:17,(anonymous_3)
FN:56,(anonymous_4)
FN:65,(anonymous_5)
FN:75,(anonymous_6)
FNF:6
FNH:6
FNDA:44,CrearProductos
FNDA:13,(anonymous_2)
FNDA:4,(anonymous_3)
FNDA:4,(anonymous_4)
FNDA:4,(anonymous_5)
FNDA:4,(anonymous_6)
DA:1,2
DA:2,2
DA:4,2
DA:5,44
DA:6,44
DA:7,44
DA:8,44
DA:9,44
DA:10,44
DA:12,44
DA:13,13
DA:14,13
DA:17,44
DA:18,4
DA:19,4
DA:20,4
DA:21,1
DA:22,1
DA:25,3
DA:26,3
DA:27,3
DA:28,3
DA:31,2
DA:32,2
DA:33,2
DA:34,2
DA:36,1
DA:40,44
DA:41,13
DA:48,31
DA:56,4
DA:65,4
DA:75,4
LF:33
LH:33
BRDA:14,0,0,13
BRDA:14,0,1,2
BRDA:20,1,0,1
BRDA:20,1,1,3
BRDA:20,2,0,4
BRDA:20,2,1,3
BRDA:20,2,2,3
BRDA:40,3,0,13
BRDA:40,3,1,31
BRDA:87,4,0,31
BRDA:87,4,1,2
BRDA:88,5,0,31
BRDA:88,5,1,2
BRF:13
BRH:13
end_of_record
TN:
SF:src\pages\CrearUsuario.tsx
FN:4,CrearUsuario
FN:12,(anonymous_2)
FN:17,(anonymous_3)
FN:51,(anonymous_4)
FN:60,(anonymous_5)
FN:68,(anonymous_6)
FNF:6
FNH:6
FNDA:38,CrearUsuario
FNDA:12,(anonymous_2)
FNDA:3,(anonymous_3)
FNDA:4,(anonymous_4)
FNDA:4,(anonymous_5)
FNDA:1,(anonymous_6)
DA:1,2
DA:2,2
DA:4,2
DA:5,38
DA:6,38
DA:7,38
DA:8,38
DA:9,38
DA:10,38
DA:12,38
DA:13,12
DA:14,12
DA:17,38
DA:18,3
DA:19,3
DA:20,3
DA:21,3
DA:22,3
DA:23,3
DA:26,2
DA:27,2
DA:28,2
DA:29,2
DA:31,1
DA:35,38
DA:36,12
DA:43,26
DA:51,4
DA:60,4
DA:68,1
LF:30
LH:30
BRDA:35,0,0,12
BRDA:35,0,1,26
BRDA:82,1,0,26
BRDA:82,1,1,2
BRDA:83,2,0,26
BRDA:83,2,1,1
BRF:6
BRH:6
end_of_record
TN:
SF:src\pages\Login.tsx
FN:4,Login
FN:9,(anonymous_2)
FN:24,(anonymous_3)
FN:25,(anonymous_4)
FNF:4
FNH:4
FNDA:12,Login
FNDA:2,(anonymous_2)
FNDA:3,(anonymous_3)
FNDA:3,(anonymous_4)
DA:1,2
DA:2,2
DA:4,2
DA:5,12
DA:6,12
DA:7,12
DA:9,12
DA:10,2
DA:11,2
DA:12,2
DA:13,1
DA:14,1
DA:15,1
DA:17,1
DA:21,12
DA:24,3
DA:25,3
LF:17
LH:17
BRDA:27,0,0,12
BRDA:27,0,1,1
BRF:2
BRH:2
end_of_record
TN:
SF:src\pages\Productos.tsx
FN:5,Productos
FN:8,(anonymous_2)
FN:9,(anonymous_3)
FN:11,(anonymous_4)
FN:12,(anonymous_5)
FN:20,(anonymous_6)
FNF:6
FNH:5
FNDA:7,Productos
FNDA:5,(anonymous_2)
FNDA:5,(anonymous_3)
FNDA:5,(anonymous_4)
FNDA:0,(anonymous_5)
FNDA:2,(anonymous_6)
DA:1,3
DA:2,3
DA:5,3
DA:6,7
DA:8,7
DA:9,5
DA:10,5
DA:11,5
DA:12,0
DA:16,7
DA:21,2
LF:11
LH:10
BRF:0
BRH:0
end_of_record
TN:
SF:src\pages\Ventas.tsx
FN:21,Ventas
FN:31,(anonymous_2)
FN:32,(anonymous_3)
FN:38,(anonymous_4)
FN:62,(anonymous_5)
FN:69,(anonymous_6)
FN:71,(anonymous_7)
FN:98,(anonymous_8)
FN:105,(anonymous_9)
FN:106,(anonymous_10)
FN:109,(anonymous_11)
FN:123,(anonymous_12)
FN:142,(anonymous_13)
FN:157,(anonymous_14)
FN:162,(anonymous_15)
FN:177,(anonymous_16)
FN:185,(anonymous_17)
FN:203,(anonymous_18)
FN:214,(anonymous_19)
FN:236,(anonymous_20)
FN:259,(anonymous_21)
FN:268,(anonymous_22)
FNF:22
FNH:6
FNDA:29,Ventas
FNDA:10,(anonymous_2)
FNDA:10,(anonymous_3)
FNDA:20,(anonymous_4)
FNDA:0,(anonymous_5)
FNDA:0,(anonymous_6)
FNDA:0,(anonymous_7)
FNDA:0,(anonymous_8)
FNDA:0,(anonymous_9)
FNDA:0,(anonymous_10)
FNDA:0,(anonymous_11)
FNDA:0,(anonymous_12)
FNDA:0,(anonymous_13)
FNDA:0,(anonymous_14)
FNDA:20,(anonymous_15)
FNDA:0,(anonymous_16)
FNDA:14,(anonymous_17)
FNDA:0,(anonymous_18)
FNDA:0,(anonymous_19)
FNDA:0,(anonymous_20)
FNDA:0,(anonymous_21)
FNDA:0,(anonymous_22)
DA:1,2
DA:2,2
DA:21,2
DA:22,29
DA:23,29
DA:24,29
DA:25,29
DA:26,29
DA:27,29
DA:28,29
DA:29,29
DA:31,29
DA:32,10
DA:33,10
DA:34,10
DA:35,10
DA:36,10
DA:38,20
DA:49,8
DA:50,8
DA:51,8
DA:53,1
DA:54,1
DA:56,9
DA:59,10
DA:62,29
DA:63,0
DA:64,0
DA:65,0
DA:69,0
DA:70,0
DA:71,0
DA:72,0
DA:73,0
DA:74,0
DA:77,0
DA:78,0
DA:79,0
DA:82,0
DA:83,0
DA:84,0
DA:87,0
DA:88,0
DA:98,0
DA:99,0
DA:100,0
DA:101,0
DA:102,0
DA:105,29
DA:106,0
DA:109,29
DA:110,0
DA:111,0
DA:112,0
DA:115,0
DA:116,0
DA:117,0
DA:119,0
DA:122,0
DA:123,0
DA:124,0
DA:130,0
DA:131,0
DA:134,0
DA:136,0
DA:137,0
DA:140,0
DA:141,0
DA:142,0
DA:148,0
DA:150,0
DA:151,0
DA:153,0
DA:157,29
DA:158,29
DA:159,29
DA:161,29
DA:162,20
DA:165,29
DA:178,0
DA:179,0
DA:180,0
DA:186,14
DA:203,0
DA:214,0
DA:236,0
DA:260,0
DA:268,0
LF:88
LH:35
BRDA:38,0,0,8
BRDA:38,0,1,0
BRDA:40,1,0,20
BRDA:40,1,1,1
BRDA:40,1,2,0
BRDA:40,1,3,0
BRDA:45,2,0,20
BRDA:45,2,1,1
BRDA:45,2,2,0
BRDA:45,2,3,0
BRDA:45,2,4,0
BRDA:46,3,0,20
BRDA:46,3,1,2
BRDA:46,3,2,1
BRDA:46,3,3,0
BRDA:47,4,0,20
BRDA:47,4,1,1
BRDA:47,4,2,0
BRDA:54,5,0,1
BRDA:54,5,1,1
BRDA:63,6,0,0
BRDA:63,6,1,0
BRDA:70,7,0,0
BRDA:70,7,1,0
BRDA:77,8,0,0
BRDA:77,8,1,0
BRDA:77,9,0,0
BRDA:77,9,1,0
BRDA:82,10,0,0
BRDA:82,10,1,0
BRDA:110,11,0,0
BRDA:110,11,1,0
BRDA:142,12,0,0
BRDA:142,12,1,0
BRDA:143,13,0,0
BRDA:143,13,1,0
BRDA:143,13,2,0
BRDA:143,13,3,0
BRDA:144,14,0,0
BRDA:144,14,1,0
BRDA:144,14,2,0
BRDA:144,14,3,0
BRDA:145,15,0,0
BRDA:145,15,1,0
BRDA:145,15,2,0
BRDA:145,15,3,0
BRDA:146,16,0,0
BRDA:146,16,1,0
BRDA:146,16,2,0
BRDA:151,17,0,0
BRDA:151,17,1,0
BRDA:161,18,0,29
BRDA:161,18,1,0
BRDA:169,19,0,29
BRDA:169,19,1,10
BRDA:170,20,0,29
BRDA:170,20,1,1
BRDA:191,21,0,29
BRDA:191,21,1,22
BRDA:191,21,2,12
BRDA:203,22,0,0
BRDA:203,22,1,0
BRDA:214,23,0,0
BRDA:214,23,1,0
BRDA:226,24,0,29
BRDA:226,24,1,19
BRDA:243,25,0,29
BRDA:243,25,1,0
BRDA:294,26,0,0
BRDA:294,26,1,0
BRF:70
BRH:23
end_of_record
